<?xml version="1.0" encoding="UTF-8"?>
<!-- Generated by org.testng.reporters.JUnitXMLReporter -->
<testsuite ignored="6" hostname="TexTree-Lap-09" failures="0" tests="1" name="Surefire test" time="148.556" errors="0" timestamp="2026-03-10T15:14:44 IST">
  <testcase classname="customerPortal.Hybrid" name="Testcase_007" time="146.51"/>
  <testcase classname="customerPortal.Hybrid" name="Testcase_006" time="0.0">
    <ignored/>
  </testcase> <!-- Testcase_006 -->
  <testcase classname="customerPortal.Hybrid" name="Testcase_005" time="0.0">
    <ignored/>
  </testcase> <!-- Testcase_005 -->
  <testcase classname="customerPortal.Hybrid" name="Testcase_004" time="0.0">
    <ignored/>
  </testcase> <!-- Testcase_004 -->
  <testcase classname="customerPortal.Hybrid" name="Testcase_003" time="0.0">
    <ignored/>
  </testcase> <!-- Testcase_003 -->
  <testcase classname="customerPortal.Hybrid" name="Testcase_002" time="0.0">
    <ignored/>
  </testcase> <!-- Testcase_002 -->
  <testcase classname="customerPortal.Hybrid" name="Testcase_001" time="0.0">
    <ignored/>
  </testcase> <!-- Testcase_001 -->
</testsuite> <!-- Surefire test -->
