<?xml version="1.0" encoding="UTF-8"?>
<!-- Generated by org.testng.reporters.JUnitXMLReporter -->
<testsuite ignored="12" hostname="TexTree-Lap-09" failures="0" tests="1" name="Surefire test" time="24.994" errors="0" timestamp="2026-07-15T11:39:11 IST">
  <testcase classname="customerPortal.Hybrid" name="Testcase_013" time="18.825"/>
  <testcase classname="customerPortal.Hybrid" name="Testcase_009" time="0.0">
    <ignored/>
  </testcase> <!-- Testcase_009 -->
  <testcase classname="customerPortal.Hybrid" name="Testcase_008" time="0.0">
    <ignored/>
  </testcase> <!-- Testcase_008 -->
  <testcase classname="customerPortal.Hybrid" name="Testcase_007" time="0.0">
    <ignored/>
  </testcase> <!-- Testcase_007 -->
  <testcase classname="customerPortal.Hybrid" name="Testcase_006" time="0.0">
    <ignored/>
  </testcase> <!-- Testcase_006 -->
  <testcase classname="customerPortal.Hybrid" name="Testcase_005" time="0.0">
    <ignored/>
  </testcase> <!-- Testcase_005 -->
  <testcase classname="customerPortal.Hybrid" name="Testcase_004" time="0.0">
    <ignored/>
  </testcase> <!-- Testcase_004 -->
  <testcase classname="customerPortal.Hybrid" name="Testcase_003" time="0.0">
    <ignored/>
  </testcase> <!-- Testcase_003 -->
  <testcase classname="customerPortal.Hybrid" name="Testcase_002" time="0.0">
    <ignored/>
  </testcase> <!-- Testcase_002 -->
  <testcase classname="customerPortal.Hybrid" name="Testcase_001" time="0.0">
    <ignored/>
  </testcase> <!-- Testcase_001 -->
  <testcase classname="customerPortal.Hybrid" name="Testcase_012" time="0.0">
    <ignored/>
  </testcase> <!-- Testcase_012 -->
  <testcase classname="customerPortal.Hybrid" name="Testcase_011" time="0.0">
    <ignored/>
  </testcase> <!-- Testcase_011 -->
  <testcase classname="customerPortal.Hybrid" name="Testcase_010" time="0.0">
    <ignored/>
  </testcase> <!-- Testcase_010 -->
</testsuite> <!-- Surefire test -->
