<?xml version="1.0" encoding="UTF-8"?>
<testng-results ignored="5" total="6" passed="1" failed="0" skipped="0">
  <reporter-output>
    <line>
      <![CDATA[2_CreatingOrderFullFlow]]>
    </line>
    <line>
      <![CDATA[Testcase_06 is pass]]>
    </line>
  </reporter-output>
  <suite started-at="2026-03-02T13:17:00 IST" name="Default suite" finished-at="2026-03-02T13:17:51 IST" duration-ms="50914">
    <groups>
    </groups>
    <test started-at="2026-03-02T13:17:00 IST" name="Default test" finished-at="2026-03-02T13:17:51 IST" duration-ms="50914">
      <class name="customerPortal.Hybrid">
        <test-method is-config="true" signature="beforeAll()[pri:0, instance:customerPortal.Hybrid@2a693f59]" started-at="2026-03-02T13:17:00 IST" name="beforeAll" finished-at="2026-03-02T13:17:03 IST" duration-ms="2644" status="PASS">
          <reporter-output>
          </reporter-output>
        </test-method> <!-- beforeAll -->
        <test-method signature="Testcase_006()[pri:0, instance:customerPortal.Hybrid@2a693f59]" started-at="2026-03-02T13:17:03 IST" name="Testcase_006" finished-at="2026-03-02T13:17:50 IST" duration-ms="47784" status="PASS">
          <reporter-output>
            <line>
              <![CDATA[2_CreatingOrderFullFlow]]>
            </line>
            <line>
              <![CDATA[Testcase_06 is pass]]>
            </line>
          </reporter-output>
        </test-method> <!-- Testcase_006 -->
        <test-method is-config="true" signature="afterAll()[pri:0, instance:customerPortal.Hybrid@2a693f59]" started-at="2026-03-02T13:17:50 IST" name="afterAll" finished-at="2026-03-02T13:17:51 IST" duration-ms="450" status="PASS">
          <reporter-output>
          </reporter-output>
        </test-method> <!-- afterAll -->
      </class> <!-- customerPortal.Hybrid -->
    </test> <!-- Default test -->
  </suite> <!-- Default suite -->
</testng-results>
